<?xml version="1.0" encoding="UTF-8"?>
<testng-results skipped="0" failed="0" ignored="0" total="1" passed="1">
  <reporter-output>
  </reporter-output>
  <suite name="Suite" duration-ms="6272" started-at="2019-12-14T10:46:45 IST" finished-at="2019-12-14T10:46:51 IST">
    <groups>
    </groups>
    <test name="Test" duration-ms="6272" started-at="2019-12-14T10:46:45 IST" finished-at="2019-12-14T10:46:51 IST">
      <class name="com.maventest.citutorial.GoogleTitleTest">
        <test-method status="PASS" signature="verifyGoogleTitle()[pri:0, instance:com.maventest.citutorial.GoogleTitleTest@2b9627bc]" name="verifyGoogleTitle" duration-ms="3923" started-at="2019-12-14T10:46:45 IST" finished-at="2019-12-14T10:46:49 IST">
          <reporter-output>
          </reporter-output>
        </test-method> <!-- verifyGoogleTitle -->
        <test-method status="PASS" signature="tearDown()[pri:0, instance:com.maventest.citutorial.GoogleTitleTest@2b9627bc]" name="tearDown" is-config="true" duration-ms="2317" started-at="2019-12-14T10:46:49 IST" finished-at="2019-12-14T10:46:51 IST">
          <reporter-output>
          </reporter-output>
        </test-method> <!-- tearDown -->
      </class> <!-- com.maventest.citutorial.GoogleTitleTest -->
    </test> <!-- Test -->
  </suite> <!-- Suite -->
</testng-results>
